<?xml version="1.0" encoding="UTF-8" ?>
<testsuite errors="0" failures="0" hostname="Promubsorns-mac.local" name="RationalTest" skipped="0" tests="8" time="0.252" timestamp="2023-09-12T08:08:04">
  <properties>
[...]
</properties>
  <testcase classname="RationalTest" name="testAdd" time="0.008" />
  <testcase classname="RationalTest" name="testSubtract" time="0.0" />
  <testcase classname="RationalTest" name="testEqual" time="0.001" />
  <testcase classname="RationalTest" name="testToString" time="0.025" />
  <testcase classname="RationalTest" name="testCompareTo" time="0.0" />
  <testcase classname="RationalTest" name="testDivide" time="0.001" />
  <testcase classname="RationalTest" name="testMultiply" time="0.0" />
  <testcase classname="RationalTest" name="testConstructor" time="0.0" />
  <system-out><![CDATA[Constructor Called
Constructor Called
Constructor Called
Constructor Called
Constructor Called
Constructor Called
Constructor Called
Constructor Called
]]></system-out>
  <system-err><![CDATA[]]></system-err>
</testsuite>
